<?xml version="1.0" encoding="UTF-8"?>
<testsuite xmlns:xsi="http://www.w3.org/2001/XMLSchema-instance" xsi:noNamespaceSchemaLocation="https://maven.apache.org/surefire/maven-surefire-plugin/xsd/surefire-test-report.xsd" name="com.mc.rpc.AppTest" time="0.016" tests="1" errors="0" skipped="0" failures="0">
  <properties>
    <property name="sun.desktop" value="windows"/>
    <property name="awt.toolkit" value="sun.awt.windows.WToolkit"/>
    <property name="file.encoding.pkg" value="sun.io"/>
    <property name="java.specification.version" value="1.8"/>
    <property name="sun.cpu.isalist" value="amd64"/>
    <property name="sun.jnu.encoding" value="GBK"/>
    <property name="java.class.path" value="E:\MyWork\Framework\Demo - RPC\rpc-server\rpc-server-api\target\test-classes;E:\MyWork\Framework\Demo - RPC\rpc-server\rpc-server-api\target\classes;C:\Users\huqiao\.m2\repository\junit\junit\4.11\junit-4.11.jar;C:\Users\huqiao\.m2\repository\org\hamcrest\hamcrest-core\1.3\hamcrest-core-1.3.jar;"/>
    <property name="java.vm.vendor" value="Oracle Corporation"/>
    <property name="sun.arch.data.model" value="64"/>
    <property name="user.variant" value=""/>
    <property name="java.vendor.url" value="http://java.oracle.com/"/>
    <property name="user.timezone" value="Asia/Shanghai"/>
    <property name="java.vm.specification.version" value="1.8"/>
    <property name="os.name" value="Windows 10"/>
    <property name="user.country" value="CN"/>
    <property name="sun.java.launcher" value="SUN_STANDARD"/>
    <property name="sun.boot.library.path" value="D:\tools\java\jdk1.8.0_191\jre\bin"/>
    <property name="sun.java.command" value="C:\Users\huqiao\AppData\Local\Temp\surefire9128569238438579714\surefirebooter4866495714886152436.jar C:\Users\huqiao\AppData\Local\Temp\surefire9128569238438579714 2021-04-08T10-06-23_027-jvmRun1 surefire9051094800744301265tmp surefire_07939290236123977890tmp"/>
    <property name="surefire.test.class.path" value="E:\MyWork\Framework\Demo - RPC\rpc-server\rpc-server-api\target\test-classes;E:\MyWork\Framework\Demo - RPC\rpc-server\rpc-server-api\target\classes;C:\Users\huqiao\.m2\repository\junit\junit\4.11\junit-4.11.jar;C:\Users\huqiao\.m2\repository\org\hamcrest\hamcrest-core\1.3\hamcrest-core-1.3.jar;"/>
    <property name="sun.cpu.endian" value="little"/>
    <property name="user.home" value="C:\Users\huqiao"/>
    <property name="user.language" value="zh"/>
    <property name="java.specification.vendor" value="Oracle Corporation"/>
    <property name="java.home" value="D:\tools\java\jdk1.8.0_191\jre"/>
    <property name="basedir" value="E:\MyWork\Framework\Demo - RPC\rpc-server\rpc-server-api"/>
    <property name="file.separator" value="\"/>
    <property name="line.separator" value="&#10;"/>
    <property name="java.vm.specification.vendor" value="Oracle Corporation"/>
    <property name="java.specification.name" value="Java Platform API Specification"/>
    <property name="java.awt.graphicsenv" value="sun.awt.Win32GraphicsEnvironment"/>
    <property name="idea.version2020.1.3" value="true"/>
    <property name="surefire.real.class.path" value="C:\Users\huqiao\AppData\Local\Temp\surefire9128569238438579714\surefirebooter4866495714886152436.jar"/>
    <property name="sun.boot.class.path" value="D:\tools\java\jdk1.8.0_191\jre\lib\resources.jar;D:\tools\java\jdk1.8.0_191\jre\lib\rt.jar;D:\tools\java\jdk1.8.0_191\jre\lib\sunrsasign.jar;D:\tools\java\jdk1.8.0_191\jre\lib\jsse.jar;D:\tools\java\jdk1.8.0_191\jre\lib\jce.jar;D:\tools\java\jdk1.8.0_191\jre\lib\charsets.jar;D:\tools\java\jdk1.8.0_191\jre\lib\jfr.jar;D:\tools\java\jdk1.8.0_191\jre\classes"/>
    <property name="user.script" value=""/>
    <property name="sun.management.compiler" value="HotSpot 64-Bit Tiered Compilers"/>
    <property name="java.runtime.version" value="1.8.0_191-b12"/>
    <property name="user.name" value="huqiao"/>
    <property name="path.separator" value=";"/>
    <property name="os.version" value="10.0"/>
    <property name="java.endorsed.dirs" value="D:\tools\java\jdk1.8.0_191\jre\lib\endorsed"/>
    <property name="java.runtime.name" value="Java(TM) SE Runtime Environment"/>
    <property name="file.encoding" value="GBK"/>
    <property name="java.vm.name" value="Java HotSpot(TM) 64-Bit Server VM"/>
    <property name="localRepository" value="C:\Users\huqiao\.m2\repository"/>
    <property name="java.vendor.url.bug" value="http://bugreport.sun.com/bugreport/"/>
    <property name="java.io.tmpdir" value="C:\Users\huqiao\AppData\Local\Temp\"/>
    <property name="java.version" value="1.8.0_191"/>
    <property name="user.dir" value="E:\MyWork\Framework\Demo - RPC\rpc-server\rpc-server-api"/>
    <property name="os.arch" value="amd64"/>
    <property name="java.vm.specification.name" value="Java Virtual Machine Specification"/>
    <property name="java.awt.printerjob" value="sun.awt.windows.WPrinterJob"/>
    <property name="sun.os.patch.level" value=""/>
    <property name="java.library.path" value="D:\tools\java\jdk1.8.0_191\jre\bin;C:\WINDOWS\Sun\Java\bin;C:\WINDOWS\system32;C:\WINDOWS;C:\Program Files (x86)\VMware\VMware Workstation\bin\;C:\Program Files (x86)\Common Files\Oracle\Java\javapath;C:\WINDOWS\system32;C:\WINDOWS;C:\WINDOWS\System32\Wbem;C:\WINDOWS\System32\WindowsPowerShell\v1.0\;C:\WINDOWS\System32\OpenSSH\;D:\tools\java\jdk1.8.0_191\bin;D:\tools\apache-maven-3.6.0\bin;C:\Program Files (x86)\MySQL\MySQL Server 5.6\bin;C:\Program Files\TortoiseSVN\bin;C:\Program Files\VisualSVN Server\bin;C:\Program Files\Git\cmd;C:\Users\huqiao\AppData\Local\Microsoft\WindowsApps;;."/>
    <property name="java.vm.info" value="mixed mode"/>
    <property name="java.vendor" value="Oracle Corporation"/>
    <property name="java.vm.version" value="25.191-b12"/>
    <property name="java.ext.dirs" value="D:\tools\java\jdk1.8.0_191\jre\lib\ext;C:\WINDOWS\Sun\Java\lib\ext"/>
    <property name="sun.io.unicode.encoding" value="UnicodeLittle"/>
    <property name="maven.repo.local" value="C:\Users\huqiao\.m2\repository"/>
    <property name="java.class.version" value="52.0"/>
  </properties>
  <testcase name="shouldAnswerWithTrue" classname="com.mc.rpc.AppTest" time="0"/>
</testsuite>